<?xml version="1.0" encoding="UTF-8"?>
<!-- Generated by org.testng.reporters.JUnitXMLReporter -->
<testsuite hostname="USERs-MacBook-Pro.local" ignored="0" name="testngTest" tests="4" failures="0" timestamp="16 May 2019 18:03:33 GMT" time="1.276" errors="0">
  <testcase name="getAllGames" time="0.742" classname="tests.VideoGame"/>
  <testcase name="createNewGameByJSON" time="0.036" classname="tests.VideoGame"/>
  <testcase name="updateGame" time="0.019" classname="tests.VideoGame"/>
  <testcase name="deleteGame" time="0.017" classname="tests.VideoGame"/>
</testsuite> <!-- testngTest -->
