<?xml version="1.0" encoding="UTF-8"?>
<!-- Generated by org.testng.reporters.JUnitXMLReporter -->
<testsuite hostname="ip-172-28-67-188.eu-west-1.compute.internal" ignored="0" name="testngTest" tests="4" failures="0" timestamp="16 May 2019 16:13:31 GMT" time="1.105" errors="0">
  <testcase name="createNewGameByJSON" time="0.617" classname="tests.VideoGameDBTests"/>
  <testcase name="getAllGames" time="0.028" classname="tests.VideoGameDBTests"/>
  <testcase name="updateGame" time="0.015" classname="tests.VideoGameDBTests"/>
  <testcase name="deleteGame" time="0.013" classname="tests.VideoGameDBTests"/>
</testsuite> <!-- testngTest -->
