<?xml version="1.0" encoding="UTF-8"?>
<!-- Generated by org.testng.reporters.JUnitXMLReporter -->
<testsuite hostname="USERs-MacBook-Pro.local" ignored="0" name="testngTests" tests="4" failures="0" timestamp="16 May 2019 18:03:38 GMT" time="0.069" errors="0">
  <testcase name="getAllGames" time="0.015" classname="tests.VideoGameDBTests"/>
  <testcase name="createNewGameByJSON" time="0.013" classname="tests.VideoGameDBTests"/>
  <testcase name="updateGame" time="0.017" classname="tests.VideoGameDBTests"/>
  <testcase name="deleteGame" time="0.013" classname="tests.VideoGameDBTests"/>
</testsuite> <!-- testngTests -->
