<?xml version="1.0" encoding="UTF-8"?>
<testng-results skipped="0" failed="0" ignored="0" total="4" passed="4">
  <reporter-output>
  </reporter-output>
  <suite name="softwaretestingmaterial" duration-ms="1407" started-at="2019-05-16T22:46:36Z" finished-at="2019-05-16T22:46:37Z">
    <groups>
    </groups>
    <test name="testngTest" duration-ms="1407" started-at="2019-05-16T22:46:36Z" finished-at="2019-05-16T22:46:37Z">
      <class name="tests.VideoGame">
        <test-method status="PASS" signature="setup()[pri:0, instance:tests.VideoGame@3fb6a447]" name="setup" is-config="true" duration-ms="478" started-at="2019-05-16T22:46:36Z" finished-at="2019-05-16T22:46:36Z">
          <reporter-output>
          </reporter-output>
        </test-method> <!-- setup -->
        <test-method status="PASS" signature="deleteGame()[pri:0, instance:tests.VideoGame@3fb6a447]" name="deleteGame" duration-ms="809" started-at="2019-05-16T22:46:36Z" finished-at="2019-05-16T22:46:37Z">
          <reporter-output>
          </reporter-output>
        </test-method> <!-- deleteGame -->
        <test-method status="PASS" signature="getAllGames()[pri:1, instance:tests.VideoGame@3fb6a447]" name="getAllGames" duration-ms="27" started-at="2019-05-16T22:46:37Z" finished-at="2019-05-16T22:46:37Z">
          <reporter-output>
          </reporter-output>
        </test-method> <!-- getAllGames -->
        <test-method status="PASS" signature="createNewGameByJSON()[pri:2, instance:tests.VideoGame@3fb6a447]" name="createNewGameByJSON" duration-ms="52" started-at="2019-05-16T22:46:37Z" finished-at="2019-05-16T22:46:37Z">
          <reporter-output>
          </reporter-output>
        </test-method> <!-- createNewGameByJSON -->
        <test-method status="PASS" signature="updateGame()[pri:3, instance:tests.VideoGame@3fb6a447]" name="updateGame" duration-ms="26" started-at="2019-05-16T22:46:37Z" finished-at="2019-05-16T22:46:37Z">
          <reporter-output>
          </reporter-output>
        </test-method> <!-- updateGame -->
      </class> <!-- tests.VideoGame -->
    </test> <!-- testngTest -->
  </suite> <!-- softwaretestingmaterial -->
</testng-results>
