<?xml version="1.0" encoding="UTF-8"?>
<testsuite xmlns:xsi="http://www.w3.org/2001/XMLSchema-instance" xsi:noNamespaceSchemaLocation="https://maven.apache.org/surefire/maven-surefire-plugin/xsd/surefire-test-report.xsd" name="TestSuite" time="21.639" tests="8" errors="0" skipped="0" failures="0">
  <properties>
[...]
</properties>
  <testcase name="getAllGames" classname="tests.VideoGame" time="0.742"/>
  <testcase name="createNewGameByJSON" classname="tests.VideoGame" time="0.036"/>
  <testcase name="updateGame" classname="tests.VideoGame" time="0.019"/>
  <testcase name="deleteGame" classname="tests.VideoGame" time="0.018"/>
  <testcase name="getAllGames" classname="tests.VideoGameDBTests" time="0.014"/>
  <testcase name="createNewGameByJSON" classname="tests.VideoGameDBTests" time="0.014"/>
  <testcase name="updateGame" classname="tests.VideoGameDBTests" time="0.017"/>
  <testcase name="deleteGame" classname="tests.VideoGameDBTests" time="0.013"/>
</testsuite>