<?xml version="1.0" encoding="UTF-8"?>
<testng-results skipped="0" failed="0" ignored="0" total="8" passed="8">
  <reporter-output>
  </reporter-output>
  <suite name="softwaretestingmaterial" duration-ms="6368" started-at="2019-05-16T18:03:27Z" finished-at="2019-05-16T18:03:33Z">
    <groups>
    </groups>
    <test name="testngTest" duration-ms="1276" started-at="2019-05-16T18:03:27Z" finished-at="2019-05-16T18:03:28Z">
      <class name="tests.VideoGame">
        <test-method status="PASS" signature="setup()[pri:0, instance:tests.VideoGame@6b2fad11]" name="setup" is-config="true" duration-ms="447" started-at="2019-05-16T18:03:27Z" finished-at="2019-05-16T18:03:27Z">
          <reporter-output>
          </reporter-output>
        </test-method> <!-- setup -->
        <test-method status="PASS" signature="getAllGames()[pri:1, instance:tests.VideoGame@6b2fad11]" name="getAllGames" duration-ms="742" started-at="2019-05-16T18:03:27Z" finished-at="2019-05-16T18:03:28Z">
          <reporter-output>
          </reporter-output>
        </test-method> <!-- getAllGames -->
        <test-method status="PASS" signature="createNewGameByJSON()[pri:2, instance:tests.VideoGame@6b2fad11]" name="createNewGameByJSON" duration-ms="36" started-at="2019-05-16T18:03:28Z" finished-at="2019-05-16T18:03:28Z">
          <reporter-output>
          </reporter-output>
        </test-method> <!-- createNewGameByJSON -->
        <test-method status="PASS" signature="updateGame()[pri:3, instance:tests.VideoGame@6b2fad11]" name="updateGame" duration-ms="19" started-at="2019-05-16T18:03:28Z" finished-at="2019-05-16T18:03:28Z">
          <reporter-output>
          </reporter-output>
        </test-method> <!-- updateGame -->
        <test-method status="PASS" signature="deleteGame()[pri:4, instance:tests.VideoGame@6b2fad11]" name="deleteGame" duration-ms="17" started-at="2019-05-16T18:03:28Z" finished-at="2019-05-16T18:03:28Z">
          <reporter-output>
          </reporter-output>
        </test-method> <!-- deleteGame -->
      </class> <!-- tests.VideoGame -->
    </test> <!-- testngTest -->
    <test name="testngTests" duration-ms="69" started-at="2019-05-16T18:03:33Z" finished-at="2019-05-16T18:03:33Z">
      <class name="tests.VideoGameDBTests">
        <test-method status="PASS" signature="setup()[pri:0, instance:tests.VideoGameDBTests@6b143ee9]" name="setup" is-config="true" duration-ms="5" started-at="2019-05-16T18:03:33Z" finished-at="2019-05-16T18:03:33Z">
          <reporter-output>
          </reporter-output>
        </test-method> <!-- setup -->
        <test-method status="PASS" signature="getAllGames()[pri:1, instance:tests.VideoGameDBTests@6b143ee9]" name="getAllGames" duration-ms="15" started-at="2019-05-16T18:03:33Z" finished-at="2019-05-16T18:03:33Z">
          <reporter-output>
          </reporter-output>
        </test-method> <!-- getAllGames -->
        <test-method status="PASS" signature="createNewGameByJSON()[pri:2, instance:tests.VideoGameDBTests@6b143ee9]" name="createNewGameByJSON" duration-ms="13" started-at="2019-05-16T18:03:33Z" finished-at="2019-05-16T18:03:33Z">
          <reporter-output>
          </reporter-output>
        </test-method> <!-- createNewGameByJSON -->
        <test-method status="PASS" signature="updateGame()[pri:3, instance:tests.VideoGameDBTests@6b143ee9]" name="updateGame" duration-ms="17" started-at="2019-05-16T18:03:33Z" finished-at="2019-05-16T18:03:33Z">
          <reporter-output>
          </reporter-output>
        </test-method> <!-- updateGame -->
        <test-method status="PASS" signature="deleteGame()[pri:4, instance:tests.VideoGameDBTests@6b143ee9]" name="deleteGame" duration-ms="13" started-at="2019-05-16T18:03:33Z" finished-at="2019-05-16T18:03:33Z">
          <reporter-output>
          </reporter-output>
        </test-method> <!-- deleteGame -->
      </class> <!-- tests.VideoGameDBTests -->
    </test> <!-- testngTests -->
  </suite> <!-- softwaretestingmaterial -->
</testng-results>
